The system is: Windows - 10.0.18363 - AMD64
Compiling the C compiler identification source file "CMakeCCompilerId.c" succeeded.
Compiler:  
Build flags: 
Id flags:  

The output was:
0
Microsoft (R) Build Engine versione 16.8.2+25e4d540b per .NET Framework
Copyright (C) Microsoft Corporation. Tutti i diritti sono riservati.

Compilazione avviata 14/01/2021 10:55:15.
Progetto "D:\AIV\III°Anno\Progetti\Project-1945-by-Aredna\build\CMakeFiles\3.19.1\CompilerIdC\CompilerIdC.vcxproj" sul nodo 1 (destinazioni predefinite).
PrepareForBuild:
  Creazione directory "Debug\".
  Creazione directory "Debug\CompilerIdC.tlog\".
InitializeBuildStatus:
  Creazione di "Debug\CompilerIdC.tlog\unsuccessfulbuild". È stato specificato "AlwaysCreate".
ClCompile:
  D:\Program Files (x86)\Visual Studio 2019\VC\Tools\MSVC\14.28.29333\bin\HostX64\x64\CL.exe /c /nologo /W0 /WX- /diagnostics:column /Od /D _MBCS /Gm- /EHsc /RTC1 /MDd /GS /fp:precise /Zc:wchar_t /Zc:forScope /Zc:inline /Fo"Debug\\" /Fd"Debug\vc142.pdb" /Gd /TC /FC /errorReport:queue CMakeCCompilerId.c
  CMakeCCompilerId.c
Link:
  D:\Program Files (x86)\Visual Studio 2019\VC\Tools\MSVC\14.28.29333\bin\HostX64\x64\link.exe /ERRORREPORT:QUEUE /OUT:".\CompilerIdC.exe" /INCREMENTAL:NO /NOLOGO kernel32.lib user32.lib gdi32.lib winspool.lib comdlg32.lib advapi32.lib shell32.lib ole32.lib oleaut32.lib uuid.lib odbc32.lib odbccp32.lib /MANIFEST /MANIFESTUAC:"level='asInvoker' uiAccess='false'" /manifest:embed /PDB:".\CompilerIdC.pdb" /SUBSYSTEM:CONSOLE /TLBID:1 /DYNAMICBASE /NXCOMPAT /IMPLIB:".\CompilerIdC.lib" /MACHINE:X64 Debug\CMakeCCompilerId.obj
  CompilerIdC.vcxproj -> D:\AIV\III°Anno\Progetti\Project-1945-by-Aredna\build\CMakeFiles\3.19.1\CompilerIdC\CompilerIdC.exe
PostBuildEvent:
  for %%i in (cl.exe) do @echo CMAKE_C_COMPILER=%%~$PATH:i
  :VCEnd
  CMAKE_C_COMPILER=D:\Program Files (x86)\Visual Studio 2019\VC\Tools\MSVC\14.28.29333\bin\Hostx64\x64\cl.exe
FinalizeBuildStatus:
  Eliminazione del file "Debug\CompilerIdC.tlog\unsuccessfulbuild" in corso.
  Aggiornamento timestamp di "Debug\CompilerIdC.tlog\CompilerIdC.lastbuildstate".
Compilazione progetto "D:\AIV\III°Anno\Progetti\Project-1945-by-Aredna\build\CMakeFiles\3.19.1\CompilerIdC\CompilerIdC.vcxproj" (destinazioni predefinite) completata.

Compilazione completata.
    Avvisi: 0
    Errori: 0

Tempo trascorso 00:00:02.44


Compilation of the C compiler identification source "CMakeCCompilerId.c" produced "CompilerIdC.exe"

Compilation of the C compiler identification source "CMakeCCompilerId.c" produced "CompilerIdC.vcxproj"

The C compiler identification is MSVC, found in "D:/AIV/III°Anno/Progetti/Project-1945-by-Aredna/build/CMakeFiles/3.19.1/CompilerIdC/CompilerIdC.exe"

Detecting C compiler ABI info compiled with the following output:
Change Dir: D:/AIV/III°Anno/Progetti/Project-1945-by-Aredna/build/CMakeFiles/CMakeTmp

Run Build Command(s):D:/Program Files (x86)/Visual Studio 2019/MSBuild/Current/Bin/MSBuild.exe cmTC_5adb4.vcxproj /p:Configuration=Debug /p:Platform=x64 /p:VisualStudioVersion=16.0 /v:m && Microsoft (R) Build Engine versione 16.8.2+25e4d540b per .NET Framework
Copyright (C) Microsoft Corporation. Tutti i diritti sono riservati.

  Microsoft (R) C/C++ Optimizing Compiler versione 19.28.29334 per x64
  CMakeCCompilerABI.c
  Copyright (C) Microsoft Corporation. Tutti i diritti  sono riservati.
  cl /c /Zi /W1 /WX- /diagnostics:column /Od /Ob0 /D WIN32 /D _WINDOWS /D "CMAKE_INTDIR=\"Debug\"" /D _MBCS /Gm- /RTC1 /MDd /GS /fp:precise /Zc:wchar_t /Zc:forScope /Zc:inline /Fo"cmTC_5adb4.dir\Debug\\" /Fd"cmTC_5adb4.dir\Debug\vc142.pdb" /Gd /TC /errorReport:queue "D:\Program Files (x86)\CMAKE\share\cmake-3.19\Modules\CMakeCCompilerABI.c"
  cmTC_5adb4.vcxproj -> D:\AIV\III°Anno\Progetti\Project-1945-by-Aredna\build\CMakeFiles\CMakeTmp\Debug\cmTC_5adb4.exe



